# project  configured on Sun Jul 21 00:24:23 2019 by
# waf 1.7.11 (abi 98, python 2070ff0 on linux2)
# using /home/theblackparrot/.pebble-sdk/SDKs/current/sdk-core/pebble/waf configure
#
----------------------------------------
Setting top to
/home/theblackparrot/pebble/colr2
----------------------------------------
Setting out to
/home/theblackparrot/pebble/colr2/build
----------------------------------------
Checking for program webpack
/home/theblackparrot/.pebble-sdk/SDKs/current/node_modules/.bin/webpack
find program=['webpack'] paths=['/home/theblackparrot/.pebble-sdk/SDKs/current/node_modules/.bin'] var='WEBPACK' -> '/home/theblackparrot/.pebble-sdk/SDKs/current/node_modules/.bin/webpack'
----------------------------------------
Found Pebble SDK for basalt in:
/home/theblackparrot/.pebble-sdk/SDKs/current/sdk-core/pebble/basalt
----------------------------------------
Checking for program gcc,cc
arm-none-eabi-gcc
find program=['gcc', 'cc'] paths='' var='CC' -> 'arm-none-eabi-gcc'
----------------------------------------
Checking for program ar
arm-none-eabi-ar
find program=['ar'] paths='' var='AR' -> 'arm-none-eabi-ar'
